numiter    abs-res-norm    abs-dis-norm           ts        te
      1     1.52355e+00     4.02441e+00     8.36e-03  3.12e-02
      2     5.45926e-03     1.25656e-01     8.14e-03  3.13e-02
      3     3.36280e-02     5.45058e-01     8.00e-03  3.11e-02
      4     8.29975e-04     9.24075e-02     7.94e-03  3.11e-02
      5     1.53843e-05     1.22338e-02     7.97e-03  3.10e-02
      6     5.42356e-10     7.42123e-05     7.96e-03  3.11e-02
      7     6.60518e-11     5.23675e-09     7.98e-03  3.12e-02
Finalised step 1 / 10 | time 5.000e+03 | dt 5.000e+03 | numiter 7 | wct 3.29e-01
--------------------------------------------------------------------------------

numiter    abs-res-norm    abs-dis-norm           ts        te
      1     3.29396e-01     1.90597e+00     8.15e-03  3.12e-02
      2     8.62250e-03     3.03002e-01     7.96e-03  3.11e-02
      3     3.41765e-03     1.86132e-01     7.97e-03  3.13e-02
      4     9.00581e-06     9.77192e-03     7.95e-03  3.11e-02
      5     7.46400e-10     8.45594e-05     7.98e-03  3.12e-02
      6     7.23481e-11     2.93733e-09     8.19e-03  3.14e-02
Finalised step 2 / 10 | time 1.000e+04 | dt 5.000e+03 | numiter 6 | wct 2.83e-01
--------------------------------------------------------------------------------

numiter    abs-res-norm    abs-dis-norm           ts        te
      1     1.10908e-01     1.08440e+00     7.99e-03  3.11e-02
      2     1.82758e-03     1.42611e-01     8.00e-03  3.12e-02
      3     7.04131e-05     2.49567e-02     7.98e-03  3.10e-02
      4     3.13525e-09     1.71593e-04     8.20e-03  3.10e-02
      5     6.58662e-11     2.36564e-08     7.93e-03  3.12e-02
      6     6.64094e-11     1.59848e-12     7.98e-03  3.10e-02
Finalised step 3 / 10 | time 1.500e+04 | dt 5.000e+03 | numiter 6 | wct 2.82e-01
--------------------------------------------------------------------------------

numiter    abs-res-norm    abs-dis-norm           ts        te
      1     6.02824e-02     7.86814e-01     7.96e-03  3.10e-02
      2     5.72945e-04     7.93894e-02     7.99e-03  3.11e-02
      3     5.20798e-06     6.35955e-03     8.09e-03  3.12e-02
      4     7.62732e-11     1.08912e-05     7.95e-03  3.11e-02
      5     8.44426e-11     9.22697e-11     7.94e-03  3.11e-02
Finalised step 4 / 10 | time 2.000e+04 | dt 5.000e+03 | numiter 5 | wct 2.37e-01
--------------------------------------------------------------------------------

numiter    abs-res-norm    abs-dis-norm           ts        te
      1     3.94535e-02     6.29379e-01     7.97e-03  3.11e-02
      2     2.37205e-04     5.05660e-02     7.96e-03  4.35e-02
      3     7.61308e-07     2.30646e-03     7.93e-03  3.10e-02
      4     8.72218e-11     1.40707e-06     7.93e-03  3.09e-02
      5     7.87692e-11     2.38579e-12     7.97e-03  3.10e-02
Finalised step 5 / 10 | time 2.500e+04 | dt 5.000e+03 | numiter 5 | wct 2.49e-01
--------------------------------------------------------------------------------

numiter    abs-res-norm    abs-dis-norm           ts        te
      1     2.84786e-02     5.30437e-01     7.96e-03  3.11e-02
      2     1.17214e-04     3.51848e-02     8.17e-03  3.12e-02
      3     1.66166e-07     1.03253e-03     7.95e-03  3.11e-02
      4     8.52780e-11     2.77969e-07     7.95e-03  3.12e-02
      5     6.97920e-11     3.80421e-12     7.98e-03  3.11e-02
Finalised step 6 / 10 | time 3.000e+04 | dt 5.000e+03 | numiter 5 | wct 2.37e-01
--------------------------------------------------------------------------------

numiter    abs-res-norm    abs-dis-norm           ts        te
      1     2.18416e-02     4.61829e-01     8.00e-03  3.12e-02
      2     6.52485e-05     2.60099e-02     8.03e-03  3.09e-02
      3     4.71090e-08     5.30806e-04     7.98e-03  3.10e-02
      4     7.25744e-11     7.25788e-08     7.97e-03  3.12e-02
      5     7.52942e-11     3.16237e-12     7.99e-03  3.12e-02
Finalised step 7 / 10 | time 3.500e+04 | dt 5.000e+03 | numiter 5 | wct 2.37e-01
--------------------------------------------------------------------------------

numiter    abs-res-norm    abs-dis-norm           ts        te
      1     1.74585e-02     4.11125e-01     8.26e-03  3.12e-02
      2     3.95406e-05     2.00846e-02     7.96e-03  3.10e-02
      3     1.60512e-08     3.00850e-04     7.97e-03  3.12e-02
      4     7.50901e-11     2.30656e-08     8.01e-03  3.13e-02
      5     6.91122e-11     3.27788e-12     8.09e-03  3.12e-02
Finalised step 8 / 10 | time 4.000e+04 | dt 5.000e+03 | numiter 5 | wct 2.38e-01
--------------------------------------------------------------------------------

numiter    abs-res-norm    abs-dis-norm           ts        te
      1     1.43809e-02     3.71938e-01     7.98e-03  3.11e-02
      2     2.55302e-05     1.60260e-02     7.93e-03  3.11e-02
      3     6.26714e-09     1.83336e-04     7.95e-03  3.11e-02
      4     8.95136e-11     8.48078e-09     7.94e-03  3.11e-02
Finalised step 9 / 10 | time 4.500e+04 | dt 5.000e+03 | numiter 4 | wct 1.92e-01
--------------------------------------------------------------------------------

numiter    abs-res-norm    abs-dis-norm           ts        te
      1     1.21200e-02     3.40630e-01     7.98e-03  3.14e-02
      2     1.73137e-05     1.31180e-02     8.03e-03  3.10e-02
      3     2.71800e-09     1.18157e-04     7.99e-03  3.08e-02
      4     9.18829e-11     3.49153e-09     7.99e-03  3.08e-02
Finalised step 10 / 10 | time 5.000e+04 | dt 5.000e+03 | numiter 4 | wct 1.91e-01
--------------------------------------------------------------------------------

===========================================
